<?xml version="1.0" encoding="UTF-8"?>
<!-- Generated by org.testng.reporters.JUnitReportReporter -->
<testsuite hostname="DESKTOP-7N888Q5" failures="0" tests="1" name="amazontest.AddToCartPackage" time="7.052" errors="0" timestamp="2025-08-20T15:21:05 IST" skipped="0">
  <testcase classname="amazontest.AddToCartPackage" name="Search_for_phone" time="7.052"/>
</testsuite> <!-- amazontest.AddToCartPackage -->
